<?xml version="1.0" encoding="UTF-8"?>
<testsuite xmlns:xsi="http://www.w3.org/2001/XMLSchema-instance" xsi:noNamespaceSchemaLocation="https://maven.apache.org/surefire/maven-surefire-plugin/xsd/surefire-test-report.xsd" version="3.0.2" name="es.vargontoc.infrastructure.InfrastructureServerApplicationTests" time="4.24" tests="1" errors="0" skipped="0" failures="0">
  <properties>
[...]
</properties>
  <testcase name="contextLoads" classname="es.vargontoc.infrastructure.InfrastructureServerApplicationTests" time="0.494">
    <system-out><![CDATA[20:10:33.883 [main] INFO org.springframework.test.context.support.AnnotationConfigContextLoaderUtils -- Could not detect default configuration classes for test class [es.vargontoc.infrastructure.InfrastructureServerApplicationTests]: InfrastructureServerApplicationTests does not declare any static, non-private, non-final, nested classes annotated with @Configuration.
20:10:33.959 [main] INFO org.springframework.boot.test.context.SpringBootTestContextBootstrapper -- Found @SpringBootConfiguration es.vargontoc.infrastructure.InfrastructureServerApplication for test class es.vargontoc.infrastructure.InfrastructureServerApplicationTests

  .   ____          _            __ _ _
 /\\ / ___'_ __ _ _(_)_ __  __ _ \ \ \ \
( ( )\___ | '_ | '_| | '_ \/ _` | \ \ \ \
 \\/  ___)| |_)| | | | | || (_| |  ) ) ) )
  '  |____| .__|_| |_|_| |_\__, | / / / /
 =========|_|==============|___/=/_/_/_/

 :: Spring Boot ::                (v3.4.0)

2026-01-13T20:10:34.457+01:00  INFO 59620 --- [infrastructure-server] [           main] v.i.InfrastructureServerApplicationTests : Starting InfrastructureServerApplicationTests using Java 21.0.7 with PID 59620 (started by algot in D:\Workspace\ai-healing-platform\platform\infrastructure-server)
2026-01-13T20:10:34.458+01:00  INFO 59620 --- [infrastructure-server] [           main] v.i.InfrastructureServerApplicationTests : The following 1 profile is active: "native"
2026-01-13T20:10:35.533+01:00  INFO 59620 --- [infrastructure-server] [           main] o.s.cloud.context.scope.GenericScope     : BeanFactory id=deb97d30-4021-3bc7-b11a-323d7f9fbe3f
2026-01-13T20:10:36.997+01:00  WARN 59620 --- [infrastructure-server] [           main] iguration$LoadBalancerCaffeineWarnLogger : Spring Cloud LoadBalancer is currently working with the default cache. While this cache implementation is useful for development and tests, it's recommended to use Caffeine cache in production.You can switch to using Caffeine cache, by adding it and org.springframework.cache.caffeine.CaffeineCacheManager to the classpath.
2026-01-13T20:10:37.135+01:00  INFO 59620 --- [infrastructure-server] [           main] o.s.c.n.eureka.InstanceInfoFactory       : Setting initial instance status as: STARTING
2026-01-13T20:10:37.160+01:00  INFO 59620 --- [infrastructure-server] [           main] com.netflix.discovery.DiscoveryClient    : Initializing Eureka in region us-east-1
2026-01-13T20:10:37.162+01:00  INFO 59620 --- [infrastructure-server] [           main] com.netflix.discovery.DiscoveryClient    : Client configured to neither register nor query for data.
2026-01-13T20:10:37.164+01:00  INFO 59620 --- [infrastructure-server] [           main] com.netflix.discovery.DiscoveryClient    : Discovery Client initialized at timestamp 1768331437163 with initial instances count: 0
2026-01-13T20:10:37.197+01:00  INFO 59620 --- [infrastructure-server] [           main] c.n.eureka.DefaultEurekaServerContext    : Initializing ...
2026-01-13T20:10:37.198+01:00  WARN 59620 --- [infrastructure-server] [           main] c.n.eureka.cluster.PeerEurekaNodes       : The replica size seems to be empty. Check the route 53 DNS Registry
2026-01-13T20:10:37.205+01:00  INFO 59620 --- [infrastructure-server] [           main] c.n.e.registry.AbstractInstanceRegistry  : Finished initializing remote region registries. All known remote regions: []
2026-01-13T20:10:37.205+01:00  INFO 59620 --- [infrastructure-server] [           main] c.n.eureka.DefaultEurekaServerContext    : Initialized
2026-01-13T20:10:37.325+01:00  INFO 59620 --- [infrastructure-server] [           main] o.s.b.a.e.web.EndpointLinksResolver      : Exposing 17 endpoints beneath base path '/actuator'
2026-01-13T20:10:37.382+01:00  INFO 59620 --- [infrastructure-server] [           main] o.s.c.n.e.s.EurekaServiceRegistry        : Registering application INFRASTRUCTURE-SERVER with eureka with status UP
2026-01-13T20:10:37.396+01:00  INFO 59620 --- [infrastructure-server] [           main] v.i.InfrastructureServerApplicationTests : Started InfrastructureServerApplicationTests in 3.206 seconds (process running for 5.187)
2026-01-13T20:10:37.408+01:00  INFO 59620 --- [infrastructure-server] [      Thread-10] o.s.c.n.e.server.EurekaServerBootstrap   : isAws returned false
2026-01-13T20:10:37.409+01:00  INFO 59620 --- [infrastructure-server] [      Thread-10] o.s.c.n.e.server.EurekaServerBootstrap   : Initialized server context
2026-01-13T20:10:37.410+01:00  INFO 59620 --- [infrastructure-server] [      Thread-10] c.n.e.r.PeerAwareInstanceRegistryImpl    : Got 1 instances from neighboring DS node
2026-01-13T20:10:37.410+01:00  INFO 59620 --- [infrastructure-server] [      Thread-10] c.n.e.r.PeerAwareInstanceRegistryImpl    : Renew threshold is: 1
2026-01-13T20:10:37.410+01:00  INFO 59620 --- [infrastructure-server] [      Thread-10] c.n.e.r.PeerAwareInstanceRegistryImpl    : Changing status to UP
2026-01-13T20:10:37.414+01:00  INFO 59620 --- [infrastructure-server] [      Thread-10] e.s.EurekaServerInitializerConfiguration : Started Eureka Server
]]></system-out>
    <system-err><![CDATA[Mockito is currently self-attaching to enable the inline-mock-maker. This will no longer work in future releases of the JDK. Please add Mockito as an agent to your build what is described in Mockito's documentation: https://javadoc.io/doc/org.mockito/mockito-core/latest/org/mockito/Mockito.html#0.3
WARNING: A Java agent has been loaded dynamically (C:\Users\algot\.m2\repository\net\bytebuddy\byte-buddy-agent\1.15.10\byte-buddy-agent-1.15.10.jar)
WARNING: If a serviceability tool is in use, please run with -XX:+EnableDynamicAgentLoading to hide this warning
WARNING: If a serviceability tool is not in use, please run with -Djdk.instrument.traceUsage for more information
WARNING: Dynamic loading of agents will be disallowed by default in a future release
]]></system-err>
  </testcase>
</testsuite>